<html>
<body>
<pre>
<h1>µVision Build Log</h1>
<h2>Tool Versions:</h2>
IDE-Version: µVision V5.28.0.0
Copyright (C) 2019 ARM Ltd and ARM Germany GmbH. All rights reserved.
License Information: Kirill Somov, University of Dubna, LIC=----
 
Tool Versions:
Toolchain:       MDK-Lite  Version: 5.28.0.0
Toolchain Path:  C:\Keil_v5\ARM\ARMCC\Bin
C Compiler:      Armcc.exe V5.06 update 7 (build 960)
Assembler:       Armasm.exe V5.06 update 7 (build 960)
Linker/Locator:  ArmLink.exe V5.06 update 7 (build 960)
Library Manager: ArmAr.exe V5.06 update 7 (build 960)
Hex Converter:   FromElf.exe V5.06 update 7 (build 960)
CPU DLL:         SARMCM3.DLL V5.28.0.0
Dialog DLL:      DCM.DLL V1.17.3.0
Target DLL:      STLink\ST-LINKIII-KEIL_SWO.dll V3.0.6.0
Dialog DLL:      TCM.DLL V1.36.2.0
 
<h2>Project:</h2>
C:\Users\Kirill\Documents\Projects\Keil\STM32\STM32_GUI_targetCryoController\GUI_targetCryoController.uvprojx
Project File Date:  12/13/2020

<h2>Output:</h2>
*** Using Compiler 'V5.06 update 7 (build 960)', folder: 'C:\Keil_v5\ARM\ARMCC\Bin'
Rebuild target 'Target 1'
compiling GUI_cryoTargetController.c...
.\lib\Func_Layer\link.h(7): error:  #5: cannot open source input file "MDR32Fx.h": No such file or directory
        #include "MDR32Fx.h"                    // Device header
lib\App_Layer\GUI_cryoTargetController.c: 0 warnings, 1 error
compiling main.c...
.\lib\Func_Layer\link.h(7): error:  #5: cannot open source input file "MDR32Fx.h": No such file or directory
        #include "MDR32Fx.h"                    // Device header
lib\App_Layer\main.c: 0 warnings, 1 error
compiling GUI.c...
lib\Func_Layer\link.h(7): error:  #5: cannot open source input file "MDR32Fx.h": No such file or directory
        #include "MDR32Fx.h"                    // Device header
lib\Func_Layer\GUI.c: 0 warnings, 1 error
compiling CPU.c...
.\lib\Func_Layer\link.h(7): error:  #5: cannot open source input file "MDR32Fx.h": No such file or directory
        #include "MDR32Fx.h"                    // Device header
lib\HW_Layer\CPU.c: 0 warnings, 1 error
compiling I2C.c...
.\lib\Func_Layer\link.h(7): error:  #5: cannot open source input file "MDR32Fx.h": No such file or directory
        #include "MDR32Fx.h"                    // Device header
lib\HW_Layer\I2C.c: 0 warnings, 1 error
compiling LCD_ILI9341.c...
.\lib\Func_Layer\link.h(7): error:  #5: cannot open source input file "MDR32Fx.h": No such file or directory
        #include "MDR32Fx.h"                    // Device header
lib\HW_Layer\LCD_ILI9341.c: 0 warnings, 1 error
compiling SPI.c...
.\lib\Func_Layer\link.h(7): error:  #5: cannot open source input file "MDR32Fx.h": No such file or directory
        #include "MDR32Fx.h"                    // Device header
lib\HW_Layer\SPI.c: 0 warnings, 1 error
compiling Timer.c...
.\lib\Func_Layer\link.h(7): error:  #5: cannot open source input file "MDR32Fx.h": No such file or directory
        #include "MDR32Fx.h"                    // Device header
lib\HW_Layer\Timer.c: 0 warnings, 1 error
compiling Touch_FT6236.c...
.\lib\Func_Layer\link.h(7): error:  #5: cannot open source input file "MDR32Fx.h": No such file or directory
        #include "MDR32Fx.h"                    // Device header
lib\HW_Layer\Touch_FT6236.c: 0 warnings, 1 error
compiling misc.c...
lib\SPL\misc.c(121): warning:  #223-D: function "assert_param" declared implicitly
    assert_param(IS_NVIC_PRIORITY_GROUP(NVIC_PriorityGroup));
lib\SPL\misc.c(141): warning:  #223-D: function "assert_param" declared implicitly
    assert_param(IS_FUNCTIONAL_STATE(NVIC_InitStruct->NVIC_IRQChannelCmd));
lib\SPL\misc.c(183): warning:  #223-D: function "assert_param" declared implicitly
    assert_param(IS_NVIC_VECTTAB(NVIC_VectTab));
lib\SPL\misc.c(202): warning:  #223-D: function "assert_param" declared implicitly
    assert_param(IS_NVIC_LP(LowPowerMode));
lib\SPL\misc.c(226): warning:  #223-D: function "assert_param" declared implicitly
    assert_param(IS_SYSTICK_CLK_SOURCE(SysTick_CLKSource));
lib\SPL\misc.c: 5 warnings, 0 errors
compiling stm32f4xx_gpio.c...
lib\SPL\stm32f4xx_gpio.c(130): warning:  #223-D: function "assert_param" declared implicitly
    assert_param(IS_GPIO_ALL_PERIPH(GPIOx));
lib\SPL\stm32f4xx_gpio.c(130): error:  #20: identifier "GPIOJ" is undefined
    assert_param(IS_GPIO_ALL_PERIPH(GPIOx));
lib\SPL\stm32f4xx_gpio.c(130): error:  #20: identifier "GPIOK" is undefined
    assert_param(IS_GPIO_ALL_PERIPH(GPIOx));
lib\SPL\stm32f4xx_gpio.c(207): warning:  #223-D: function "assert_param" declared implicitly
    assert_param(IS_GPIO_ALL_PERIPH(GPIOx));
lib\SPL\stm32f4xx_gpio.c(207): error:  #20: identifier "GPIOJ" is undefined
    assert_param(IS_GPIO_ALL_PERIPH(GPIOx));
lib\SPL\stm32f4xx_gpio.c(207): error:  #20: identifier "GPIOK" is undefined
    assert_param(IS_GPIO_ALL_PERIPH(GPIOx));
lib\SPL\stm32f4xx_gpio.c(282): warning:  #223-D: function "assert_param" declared implicitly
    assert_param(IS_GPIO_ALL_PERIPH(GPIOx));
lib\SPL\stm32f4xx_gpio.c(282): error:  #20: identifier "GPIOJ" is undefined
    assert_param(IS_GPIO_ALL_PERIPH(GPIOx));
lib\SPL\stm32f4xx_gpio.c(282): error:  #20: identifier "GPIOK" is undefined
    assert_param(IS_GPIO_ALL_PERIPH(GPIOx));
lib\SPL\stm32f4xx_gpio.c(328): warning:  #223-D: function "assert_param" declared implicitly
    assert_param(IS_GPIO_ALL_PERIPH(GPIOx));
lib\SPL\stm32f4xx_gpio.c(328): error:  #20: identifier "GPIOJ" is undefined
    assert_param(IS_GPIO_ALL_PERIPH(GPIOx));
lib\SPL\stm32f4xx_gpio.c(328): error:  #20: identifier "GPIOK" is undefined
    assert_param(IS_GPIO_ALL_PERIPH(GPIOx));
lib\SPL\stm32f4xx_gpio.c(352): warning:  #223-D: function "assert_param" declared implicitly
    assert_param(IS_GPIO_ALL_PERIPH(GPIOx));
lib\SPL\stm32f4xx_gpio.c(352): error:  #20: identifier "GPIOJ" is undefined
    assert_param(IS_GPIO_ALL_PERIPH(GPIOx));
lib\SPL\stm32f4xx_gpio.c(352): error:  #20: identifier "GPIOK" is undefined
    assert_param(IS_GPIO_ALL_PERIPH(GPIOx));
lib\SPL\stm32f4xx_gpio.c(371): warning:  #223-D: function "assert_param" declared implicitly
    assert_param(IS_GPIO_ALL_PERIPH(GPIOx));
lib\SPL\stm32f4xx_gpio.c(371): error:  #20: identifier "GPIOJ" is undefined
    assert_param(IS_GPIO_ALL_PERIPH(GPIOx));
lib\SPL\stm32f4xx_gpio.c(371): error:  #20: identifier "GPIOK" is undefined
    assert_param(IS_GPIO_ALL_PERIPH(GPIOx));
lib\SPL\stm32f4xx_gpio.c(395): warning:  #223-D: function "assert_param" declared implicitly
    assert_param(IS_GPIO_ALL_PERIPH(GPIOx));
lib\SPL\stm32f4xx_gpio.c(395): error:  #20: identifier "GPIOJ" is undefined
    assert_param(IS_GPIO_ALL_PERIPH(GPIOx));
lib\SPL\stm32f4xx_gpio.c(395): error:  #20: identifier "GPIOK" is undefined
    assert_param(IS_GPIO_ALL_PERIPH(GPIOx));
lib\SPL\stm32f4xx_gpio.c(415): warning:  #223-D: function "assert_param" declared implicitly
    assert_param(IS_GPIO_ALL_PERIPH(GPIOx));
lib\SPL\stm32f4xx_gpio.c(415): error:  #20: identifier "GPIOJ" is undefined
    assert_param(IS_GPIO_ALL_PERIPH(GPIOx));
lib\SPL\stm32f4xx_gpio.c(415): error:  #20: identifier "GPIOK" is undefined
    assert_param(IS_GPIO_ALL_PERIPH(GPIOx));
lib\SPL\stm32f4xx_gpio.c(418): error:  #136: struct "<unnamed>"  has no field "BSRRL"
    GPIOx->BSRRL = GPIO_Pin;
lib\SPL\stm32f4xx_gpio.c(436): warning:  #223-D: function "assert_param" declared implicitly
    assert_param(IS_GPIO_ALL_PERIPH(GPIOx));
lib\SPL\stm32f4xx_gpio.c(436): error:  #20: identifier "GPIOJ" is undefined
    assert_param(IS_GPIO_ALL_PERIPH(GPIOx));
lib\SPL\stm32f4xx_gpio.c(436): error:  #20: identifier "GPIOK" is undefined
    assert_param(IS_GPIO_ALL_PERIPH(GPIOx));
lib\SPL\stm32f4xx_gpio.c(439): error:  #136: struct "<unnamed>"  has no field "BSRRH"
    GPIOx->BSRRH = GPIO_Pin;
lib\SPL\stm32f4xx_gpio.c(458): warning:  #223-D: function "assert_param" declared implicitly
    assert_param(IS_GPIO_ALL_PERIPH(GPIOx));
lib\SPL\stm32f4xx_gpio.c(458): error:  #20: identifier "GPIOJ" is undefined
    assert_param(IS_GPIO_ALL_PERIPH(GPIOx));
lib\SPL\stm32f4xx_gpio.c(458): error:  #20: identifier "GPIOK" is undefined
    assert_param(IS_GPIO_ALL_PERIPH(GPIOx));
lib\SPL\stm32f4xx_gpio.c(464): error:  #136: struct "<unnamed>"  has no field "BSRRL"
      GPIOx->BSRRL = GPIO_Pin;
lib\SPL\stm32f4xx_gpio.c(468): error:  #136: struct "<unnamed>"  has no field "BSRRH"
      GPIOx->BSRRH = GPIO_Pin ;
lib\SPL\stm32f4xx_gpio.c(483): warning:  #223-D: function "assert_param" declared implicitly
    assert_param(IS_GPIO_ALL_PERIPH(GPIOx));
lib\SPL\stm32f4xx_gpio.c(483): error:  #20: identifier "GPIOJ" is undefined
    assert_param(IS_GPIO_ALL_PERIPH(GPIOx));
lib\SPL\stm32f4xx_gpio.c(483): error:  #20: identifier "GPIOK" is undefined
    assert_param(IS_GPIO_ALL_PERIPH(GPIOx));
lib\SPL\stm32f4xx_gpio.c(499): warning:  #223-D: function "assert_param" declared implicitly
    assert_param(IS_GPIO_ALL_PERIPH(GPIOx));
lib\SPL\stm32f4xx_gpio.c(499): error:  #20: identifier "GPIOJ" is undefined
    assert_param(IS_GPIO_ALL_PERIPH(GPIOx));
lib\SPL\stm32f4xx_gpio.c(499): error:  #20: identifier "GPIOK" is undefined
    assert_param(IS_GPIO_ALL_PERIPH(GPIOx));
lib\SPL\stm32f4xx_gpio.c(585): warning:  #223-D: function "assert_param" declared implicitly
    assert_param(IS_GPIO_ALL_PERIPH(GPIOx));
lib\SPL\stm32f4xx_gpio.c(585): error:  #20: identifier "GPIOJ" is undefined
    assert_param(IS_GPIO_ALL_PERIPH(GPIOx));
lib\SPL\stm32f4xx_gpio.c(585): error:  #20: identifier "GPIOK" is undefined
    assert_param(IS_GPIO_ALL_PERIPH(GPIOx));
lib\SPL\stm32f4xx_gpio.c: 13 warnings, 30 errors
compiling stm32f4xx_i2c.c...
lib\SPL\stm32f4xx_i2c.c(140): warning:  #223-D: function "assert_param" declared implicitly
    assert_param(IS_I2C_ALL_PERIPH(I2Cx));
lib\SPL\stm32f4xx_i2c.c(187): warning:  #223-D: function "assert_param" declared implicitly
    assert_param(IS_I2C_ALL_PERIPH(I2Cx));
lib\SPL\stm32f4xx_i2c.c(316): warning:  #223-D: function "assert_param" declared implicitly
    assert_param(IS_I2C_ALL_PERIPH(I2Cx));
lib\SPL\stm32f4xx_i2c.c(345): warning:  #223-D: function "assert_param" declared implicitly
    assert_param(IS_I2C_ALL_PERIPH(I2Cx));
lib\SPL\stm32f4xx_i2c.c(350): error:  #136: struct "<unnamed>"  has no field "FLTR"
      I2Cx->FLTR &= (uint16_t)~((uint16_t)I2C_FLTR_ANOFF);    
lib\SPL\stm32f4xx_i2c.c(350): error:  #20: identifier "I2C_FLTR_ANOFF" is undefined
      I2Cx->FLTR &= (uint16_t)~((uint16_t)I2C_FLTR_ANOFF);    
lib\SPL\stm32f4xx_i2c.c(355): error:  #136: struct "<unnamed>"  has no field "FLTR"
      I2Cx->FLTR |= I2C_FLTR_ANOFF;
lib\SPL\stm32f4xx_i2c.c(355): error:  #20: identifier "I2C_FLTR_ANOFF" is undefined
      I2Cx->FLTR |= I2C_FLTR_ANOFF;
lib\SPL\stm32f4xx_i2c.c(376): warning:  #223-D: function "assert_param" declared implicitly
    assert_param(IS_I2C_ALL_PERIPH(I2Cx));
lib\SPL\stm32f4xx_i2c.c(380): error:  #136: struct "<unnamed>"  has no field "FLTR"
    tmpreg = I2Cx->FLTR;
lib\SPL\stm32f4xx_i2c.c(383): error:  #20: identifier "I2C_FLTR_DNF" is undefined
    tmpreg &= (uint16_t)~((uint16_t)I2C_FLTR_DNF);
lib\SPL\stm32f4xx_i2c.c(389): error:  #136: struct "<unnamed>"  has no field "FLTR"
    I2Cx->FLTR = tmpreg;
lib\SPL\stm32f4xx_i2c.c(402): warning:  #223-D: function "assert_param" declared implicitly
    assert_param(IS_I2C_ALL_PERIPH(I2Cx));
lib\SPL\stm32f4xx_i2c.c(426): warning:  #223-D: function "assert_param" declared implicitly
    assert_param(IS_I2C_ALL_PERIPH(I2Cx));
lib\SPL\stm32f4xx_i2c.c(454): warning:  #223-D: function "assert_param" declared implicitly
    assert_param(IS_I2C_ALL_PERIPH(I2Cx));
lib\SPL\stm32f4xx_i2c.c(481): warning:  #223-D: function "assert_param" declared implicitly
    assert_param(IS_I2C_ALL_PERIPH(I2Cx));
lib\SPL\stm32f4xx_i2c.c(506): warning:  #223-D: function "assert_param" declared implicitly
    assert_param(IS_I2C_ALL_PERIPH(I2Cx));
lib\SPL\stm32f4xx_i2c.c(531): warning:  #223-D: function "assert_param" declared implicitly
    assert_param(IS_I2C_ALL_PERIPH(I2Cx));
lib\SPL\stm32f4xx_i2c.c(555): warning:  #223-D: function "assert_param" declared implicitly
    assert_param(IS_I2C_ALL_PERIPH(I2Cx));
lib\SPL\stm32f4xx_i2c.c(581): warning:  #223-D: function "assert_param" declared implicitly
    assert_param(IS_I2C_ALL_PERIPH(I2Cx));
lib\SPL\stm32f4xx_i2c.c(605): warning:  #223-D: function "assert_param" declared implicitly
    assert_param(IS_I2C_ALL_PERIPH(I2Cx));
lib\SPL\stm32f4xx_i2c.c(631): warning:  #223-D: function "assert_param" declared implicitly
    assert_param(IS_I2C_ALL_PERIPH(I2Cx));
lib\SPL\stm32f4xx_i2c.c(669): warning:  #223-D: function "assert_param" declared implicitly
    assert_param(IS_I2C_ALL_PERIPH(I2Cx));
lib\SPL\stm32f4xx_i2c.c(697): warning:  #223-D: function "assert_param" declared implicitly
    assert_param(IS_I2C_ALL_PERIPH(I2Cx));
lib\SPL\stm32f4xx_i2c.c(721): warning:  #223-D: function "assert_param" declared implicitly
    assert_param(IS_I2C_ALL_PERIPH(I2Cx));
lib\SPL\stm32f4xx_i2c.c(759): warning:  #223-D: function "assert_param" declared implicitly
    assert_param(IS_I2C_ALL_PERIPH(I2Cx));
lib\SPL\stm32f4xx_i2c.c(772): warning:  #223-D: function "assert_param" declared implicitly
    assert_param(IS_I2C_ALL_PERIPH(I2Cx));
lib\SPL\stm32f4xx_i2c.c(803): warning:  #223-D: function "assert_param" declared implicitly
    assert_param(IS_I2C_ALL_PERIPH(I2Cx));
lib\SPL\stm32f4xx_i2c.c(834): warning:  #223-D: function "assert_param" declared implicitly
    assert_param(IS_I2C_ALL_PERIPH(I2Cx));
lib\SPL\stm32f4xx_i2c.c(858): warning:  #223-D: function "assert_param" declared implicitly
    assert_param(IS_I2C_ALL_PERIPH(I2Cx));
lib\SPL\stm32f4xx_i2c.c(880): warning:  #223-D: function "assert_param" declared implicitly
    assert_param(IS_I2C_ALL_PERIPH(I2Cx));
lib\SPL\stm32f4xx_i2c.c(913): warning:  #223-D: function "assert_param" declared implicitly
    assert_param(IS_I2C_ALL_PERIPH(I2Cx));
lib\SPL\stm32f4xx_i2c.c(937): warning:  #223-D: function "assert_param" declared implicitly
    assert_param(IS_I2C_ALL_PERIPH(I2Cx));
lib\SPL\stm32f4xx_i2c.c(1077): warning:  #223-D: function "assert_param" declared implicitly
    assert_param(IS_I2C_ALL_PERIPH(I2Cx));
lib\SPL\stm32f4xx_i2c.c(1102): warning:  #223-D: function "assert_param" declared implicitly
    assert_param(IS_I2C_ALL_PERIPH(I2Cx));
lib\SPL\stm32f4xx_i2c.c(1165): warning:  #223-D: function "assert_param" declared implicitly
    assert_param(IS_I2C_ALL_PERIPH(I2Cx));
lib\SPL\stm32f4xx_i2c.c(1212): warning:  #223-D: function "assert_param" declared implicitly
    assert_param(IS_I2C_ALL_PERIPH(I2Cx));
lib\SPL\stm32f4xx_i2c.c(1267): warning:  #223-D: function "assert_param" declared implicitly
    assert_param(IS_I2C_ALL_PERIPH(I2Cx));
lib\SPL\stm32f4xx_i2c.c(1342): warning:  #223-D: function "assert_param" declared implicitly
    assert_param(IS_I2C_ALL_PERIPH(I2Cx));
lib\SPL\stm32f4xx_i2c.c(1378): warning:  #223-D: function "assert_param" declared implicitly
    assert_param(IS_I2C_ALL_PERIPH(I2Cx));
lib\SPL\stm32f4xx_i2c.c(1436): warning:  #223-D: function "assert_param" declared implicitly
    assert_param(IS_I2C_ALL_PERIPH(I2Cx));
lib\SPL\stm32f4xx_i2c.c: 34 warnings, 7 errors
compiling stm32f4xx_rcc.c...
lib\SPL\stm32f4xx_rcc.c(256): error:  #136: struct "<unnamed>"  has no field "DCKCFGR"
    RCC->DCKCFGR = 0x00000000;
lib\SPL\stm32f4xx_rcc.c(287): warning:  #223-D: function "assert_param" declared implicitly
    assert_param(IS_RCC_HSE(RCC_HSE));
lib\SPL\stm32f4xx_rcc.c(318): error:  #20: identifier "HSE_STARTUP_TIMEOUT" is undefined
    } while((startupcounter != HSE_STARTUP_TIMEOUT) && (hsestatus == RESET));
lib\SPL\stm32f4xx_rcc.c(343): warning:  #223-D: function "assert_param" declared implicitly
    assert_param(IS_RCC_CALIBRATION_VALUE(HSICalibrationValue));
lib\SPL\stm32f4xx_rcc.c(378): warning:  #223-D: function "assert_param" declared implicitly
    assert_param(IS_FUNCTIONAL_STATE(NewState));
lib\SPL\stm32f4xx_rcc.c(403): warning:  #223-D: function "assert_param" declared implicitly
    assert_param(IS_RCC_LSE(RCC_LSE));
lib\SPL\stm32f4xx_rcc.c(443): warning:  #223-D: function "assert_param" declared implicitly
    assert_param(IS_FUNCTIONAL_STATE(NewState));
lib\SPL\stm32f4xx_rcc.c(566): warning:  #223-D: function "assert_param" declared implicitly
    assert_param(IS_FUNCTIONAL_STATE(NewState));
lib\SPL\stm32f4xx_rcc.c(735): warning:  #223-D: function "assert_param" declared implicitly
    assert_param(IS_FUNCTIONAL_STATE(NewState));
lib\SPL\stm32f4xx_rcc.c(864): warning:  #223-D: function "assert_param" declared implicitly
    assert_param(IS_FUNCTIONAL_STATE(NewState));
lib\SPL\stm32f4xx_rcc.c(882): warning:  #223-D: function "assert_param" declared implicitly
    assert_param(IS_FUNCTIONAL_STATE(NewState));
lib\SPL\stm32f4xx_rcc.c(909): warning:  #223-D: function "assert_param" declared implicitly
    assert_param(IS_RCC_MCO1SOURCE(RCC_MCO1Source));
lib\SPL\stm32f4xx_rcc.c(954): warning:  #223-D: function "assert_param" declared implicitly
    assert_param(IS_RCC_MCO2SOURCE(RCC_MCO2Source));
lib\SPL\stm32f4xx_rcc.c(1154): warning:  #223-D: function "assert_param" declared implicitly
    assert_param(IS_RCC_SYSCLK_SOURCE(RCC_SYSCLKSource));
lib\SPL\stm32f4xx_rcc.c(1154): warning:  #223-D: function "IS_RCC_SYSCLK_SOURCE" declared implicitly
    assert_param(IS_RCC_SYSCLK_SOURCE(RCC_SYSCLKSource));
lib\SPL\stm32f4xx_rcc.c(1208): warning:  #223-D: function "assert_param" declared implicitly
    assert_param(IS_RCC_HCLK(RCC_SYSCLK));
lib\SPL\stm32f4xx_rcc.c(1239): warning:  #223-D: function "assert_param" declared implicitly
    assert_param(IS_RCC_PCLK(RCC_HCLK));
lib\SPL\stm32f4xx_rcc.c(1270): warning:  #223-D: function "assert_param" declared implicitly
    assert_param(IS_RCC_PCLK(RCC_HCLK));
lib\SPL\stm32f4xx_rcc.c(1330): error:  #20: identifier "HSI_VALUE" is undefined
      RCC_Clocks->SYSCLK_Frequency = HSI_VALUE;
lib\SPL\stm32f4xx_rcc.c(1333): error:  #20: identifier "HSE_VALUE" is undefined
      RCC_Clocks->SYSCLK_Frequency = HSE_VALUE;
lib\SPL\stm32f4xx_rcc.c(1475): warning:  #223-D: function "assert_param" declared implicitly
    assert_param(IS_RCC_RTCCLK_SOURCE(RCC_RTCCLKSource));
lib\SPL\stm32f4xx_rcc.c(1505): warning:  #223-D: function "assert_param" declared implicitly
    assert_param(IS_FUNCTIONAL_STATE(NewState));
lib\SPL\stm32f4xx_rcc.c(1522): warning:  #223-D: function "assert_param" declared implicitly
    assert_param(IS_FUNCTIONAL_STATE(NewState));
lib\SPL\stm32f4xx_rcc.c(1808): warning:  #223-D: function "assert_param" declared implicitly
    assert_param(IS_RCC_PLLI2S_DIVQ_VALUE(RCC_PLLI2SDivQ));
lib\SPL\stm32f4xx_rcc.c(1810): error:  #136: struct "<unnamed>"  has no field "DCKCFGR"
    tmpreg = RCC->DCKCFGR;
lib\SPL\stm32f4xx_rcc.c(1813): error:  #20: identifier "RCC_DCKCFGR_PLLI2SDIVQ" is undefined
    tmpreg &= ~(RCC_DCKCFGR_PLLI2SDIVQ);
lib\SPL\stm32f4xx_rcc.c(1819): error:  #136: struct "<unnamed>"  has no field "DCKCFGR"
    RCC->DCKCFGR = tmpreg;
lib\SPL\stm32f4xx_rcc.c(1840): warning:  #223-D: function "assert_param" declared implicitly
    assert_param(IS_RCC_PLLSAI_DIVQ_VALUE(RCC_PLLSAIDivQ));
lib\SPL\stm32f4xx_rcc.c(1842): error:  #136: struct "<unnamed>"  has no field "DCKCFGR"
    tmpreg = RCC->DCKCFGR;
lib\SPL\stm32f4xx_rcc.c(1845): error:  #20: identifier "RCC_DCKCFGR_PLLSAIDIVQ" is undefined
    tmpreg &= ~(RCC_DCKCFGR_PLLSAIDIVQ);
lib\SPL\stm32f4xx_rcc.c(1851): error:  #136: struct "<unnamed>"  has no field "DCKCFGR"
    RCC->DCKCFGR = tmpreg;
lib\SPL\stm32f4xx_rcc.c(1939): warning:  #223-D: function "assert_param" declared implicitly
    assert_param(IS_RCC_PLLSAI_DIVR_VALUE(RCC_PLLSAIDivR));
lib\SPL\stm32f4xx_rcc.c(1941): error:  #136: struct "<unnamed>"  has no field "DCKCFGR"
    tmpreg = RCC->DCKCFGR;
lib\SPL\stm32f4xx_rcc.c(1944): error:  #20: identifier "RCC_DCKCFGR_PLLSAIDIVR" is undefined
    tmpreg &= ~RCC_DCKCFGR_PLLSAIDIVR;
lib\SPL\stm32f4xx_rcc.c(1950): error:  #136: struct "<unnamed>"  has no field "DCKCFGR"
    RCC->DCKCFGR = tmpreg;
lib\SPL\stm32f4xx_rcc.c(2065): warning:  #223-D: function "assert_param" declared implicitly
    assert_param(IS_RCC_TIMCLK_PRESCALER(RCC_TIMCLKPrescaler));
lib\SPL\stm32f4xx_rcc.c(2107): warning:  #223-D: function "assert_param" declared implicitly
    assert_param(IS_RCC_AHB1_CLOCK_PERIPH(RCC_AHB1Periph));
lib\SPL\stm32f4xx_rcc.c(2139): warning:  #223-D: function "assert_param" declared implicitly
    assert_param(IS_RCC_AHB2_PERIPH(RCC_AHB2Periph));
lib\SPL\stm32f4xx_rcc.c(2226): warning:  #223-D: function "assert_param" declared implicitly
    assert_param(IS_RCC_APB1_PERIPH(RCC_APB1Periph));  
lib\SPL\stm32f4xx_rcc.c(2278): warning:  #223-D: function "assert_param" declared implicitly
    assert_param(IS_RCC_APB2_PERIPH(RCC_APB2Periph));
lib\SPL\stm32f4xx_rcc.c(2320): warning:  #223-D: function "assert_param" declared implicitly
    assert_param(IS_RCC_AHB1_RESET_PERIPH(RCC_AHB1Periph));
lib\SPL\stm32f4xx_rcc.c(2349): warning:  #223-D: function "assert_param" declared implicitly
    assert_param(IS_RCC_AHB2_PERIPH(RCC_AHB2Periph));
lib\SPL\stm32f4xx_rcc.c(2430): warning:  #223-D: function "assert_param" declared implicitly
    assert_param(IS_RCC_APB1_PERIPH(RCC_APB1Periph));
lib\SPL\stm32f4xx_rcc.c(2477): warning:  #223-D: function "assert_param" declared implicitly
    assert_param(IS_RCC_APB2_RESET_PERIPH(RCC_APB2Periph));
lib\SPL\stm32f4xx_rcc.c(2526): warning:  #223-D: function "assert_param" declared implicitly
    assert_param(IS_RCC_AHB1_LPMODE_PERIPH(RCC_AHB1Periph));
lib\SPL\stm32f4xx_rcc.c(2558): warning:  #223-D: function "assert_param" declared implicitly
    assert_param(IS_RCC_AHB2_PERIPH(RCC_AHB2Periph));
lib\SPL\stm32f4xx_rcc.c(2645): warning:  #223-D: function "assert_param" declared implicitly
    assert_param(IS_RCC_APB1_PERIPH(RCC_APB1Periph));
lib\SPL\stm32f4xx_rcc.c(2697): warning:  #223-D: function "assert_param" declared implicitly
    assert_param(IS_RCC_APB2_PERIPH(RCC_APB2Periph));
lib\SPL\stm32f4xx_rcc.c(2721): warning:  #223-D: function "assert_param" declared implicitly
    assert_param(IS_RCC_LSE_MODE(RCC_Mode));
lib\SPL\stm32f4xx_rcc.c(2725): error:  #20: identifier "RCC_BDCR_LSEMOD" is undefined
      SET_BIT(RCC->BDCR, RCC_BDCR_LSEMOD);
lib\SPL\stm32f4xx_rcc.c(2729): error:  #20: identifier "RCC_BDCR_LSEMOD" is undefined
      CLEAR_BIT(RCC->BDCR, RCC_BDCR_LSEMOD);
lib\SPL\stm32f4xx_rcc.c(3033): warning:  #223-D: function "assert_param" declared implicitly
    assert_param(IS_RCC_IT(RCC_IT));
lib\SPL\stm32f4xx_rcc.c(3074): warning:  #223-D: function "assert_param" declared implicitly
    assert_param(IS_RCC_FLAG(RCC_FLAG));
lib\SPL\stm32f4xx_rcc.c(3137): warning:  #223-D: function "assert_param" declared implicitly
    assert_param(IS_RCC_GET_IT(RCC_IT));
lib\SPL\stm32f4xx_rcc.c(3169): warning:  #223-D: function "assert_param" declared implicitly
    assert_param(IS_RCC_CLEAR_IT(RCC_IT));
lib\SPL\stm32f4xx_rcc.c: 40 warnings, 15 errors
compiling stm32f4xx_spi.c...
lib\SPL\stm32f4xx_spi.c(182): warning:  #47-D: incompatible redefinition of macro "SPI_CR2_FRF"  (declared at line 11500 of "C:\Keil_v5\ARM\PACK\Keil\STM32F4xx_DFP\2.15.0\Drivers\CMSIS\Device\ST\STM32F4xx\Include\stm32f407xx.h")
  #define SPI_CR2_FRF               ((uint16_t)0x0010)
lib\SPL\stm32f4xx_spi.c(227): warning:  #223-D: function "assert_param" declared implicitly
    assert_param(IS_SPI_ALL_PERIPH(SPIx));
lib\SPL\stm32f4xx_spi.c(227): error:  #20: identifier "SPI4" is undefined
    assert_param(IS_SPI_ALL_PERIPH(SPIx));
lib\SPL\stm32f4xx_spi.c(227): error:  #20: identifier "SPI5" is undefined
    assert_param(IS_SPI_ALL_PERIPH(SPIx));
lib\SPL\stm32f4xx_spi.c(227): error:  #20: identifier "SPI6" is undefined
    assert_param(IS_SPI_ALL_PERIPH(SPIx));
lib\SPL\stm32f4xx_spi.c(289): warning:  #223-D: function "assert_param" declared implicitly
    assert_param(IS_SPI_ALL_PERIPH(SPIx));
lib\SPL\stm32f4xx_spi.c(289): error:  #20: identifier "SPI4" is undefined
    assert_param(IS_SPI_ALL_PERIPH(SPIx));
lib\SPL\stm32f4xx_spi.c(289): error:  #20: identifier "SPI5" is undefined
    assert_param(IS_SPI_ALL_PERIPH(SPIx));
lib\SPL\stm32f4xx_spi.c(289): error:  #20: identifier "SPI6" is undefined
    assert_param(IS_SPI_ALL_PERIPH(SPIx));
lib\SPL\stm32f4xx_spi.c(357): warning:  #223-D: function "assert_param" declared implicitly
    assert_param(IS_SPI_23_PERIPH(SPIx));
lib\SPL\stm32f4xx_spi.c(429): error:  #20: identifier "HSE_VALUE" is undefined
        i2sclk = (uint32_t)(((HSE_VALUE / pllm) * plln) / pllr);
lib\SPL\stm32f4xx_spi.c(433): error:  #20: identifier "HSI_VALUE" is undefined
        i2sclk = (uint32_t)(((HSI_VALUE / pllm) * plln) / pllr);
lib\SPL\stm32f4xx_spi.c(555): warning:  #223-D: function "assert_param" declared implicitly
    assert_param(IS_SPI_ALL_PERIPH(SPIx));
lib\SPL\stm32f4xx_spi.c(555): error:  #20: identifier "SPI4" is undefined
    assert_param(IS_SPI_ALL_PERIPH(SPIx));
lib\SPL\stm32f4xx_spi.c(555): error:  #20: identifier "SPI5" is undefined
    assert_param(IS_SPI_ALL_PERIPH(SPIx));
lib\SPL\stm32f4xx_spi.c(555): error:  #20: identifier "SPI6" is undefined
    assert_param(IS_SPI_ALL_PERIPH(SPIx));
lib\SPL\stm32f4xx_spi.c(580): warning:  #223-D: function "assert_param" declared implicitly
    assert_param(IS_SPI_23_PERIPH_EXT(SPIx));
lib\SPL\stm32f4xx_spi.c(607): warning:  #223-D: function "assert_param" declared implicitly
    assert_param(IS_SPI_ALL_PERIPH(SPIx));
lib\SPL\stm32f4xx_spi.c(607): error:  #20: identifier "SPI4" is undefined
    assert_param(IS_SPI_ALL_PERIPH(SPIx));
lib\SPL\stm32f4xx_spi.c(607): error:  #20: identifier "SPI5" is undefined
    assert_param(IS_SPI_ALL_PERIPH(SPIx));
lib\SPL\stm32f4xx_spi.c(607): error:  #20: identifier "SPI6" is undefined
    assert_param(IS_SPI_ALL_PERIPH(SPIx));
lib\SPL\stm32f4xx_spi.c(627): warning:  #223-D: function "assert_param" declared implicitly
    assert_param(IS_SPI_ALL_PERIPH(SPIx));
lib\SPL\stm32f4xx_spi.c(627): error:  #20: identifier "SPI4" is undefined
    assert_param(IS_SPI_ALL_PERIPH(SPIx));
lib\SPL\stm32f4xx_spi.c(627): error:  #20: identifier "SPI5" is undefined
    assert_param(IS_SPI_ALL_PERIPH(SPIx));
lib\SPL\stm32f4xx_spi.c(627): error:  #20: identifier "SPI6" is undefined
    assert_param(IS_SPI_ALL_PERIPH(SPIx));
lib\SPL\stm32f4xx_spi.c(653): warning:  #223-D: function "assert_param" declared implicitly
    assert_param(IS_SPI_ALL_PERIPH(SPIx));
lib\SPL\stm32f4xx_spi.c(653): error:  #20: identifier "SPI4" is undefined
    assert_param(IS_SPI_ALL_PERIPH(SPIx));
lib\SPL\stm32f4xx_spi.c(653): error:  #20: identifier "SPI5" is undefined
    assert_param(IS_SPI_ALL_PERIPH(SPIx));
lib\SPL\stm32f4xx_spi.c(653): error:  #20: identifier "SPI6" is undefined
    assert_param(IS_SPI_ALL_PERIPH(SPIx));
lib\SPL\stm32f4xx_spi.c(677): warning:  #223-D: function "assert_param" declared implicitly
    assert_param(IS_SPI_ALL_PERIPH(SPIx));
lib\SPL\stm32f4xx_spi.c(677): error:  #20: identifier "SPI4" is undefined
    assert_param(IS_SPI_ALL_PERIPH(SPIx));
lib\SPL\stm32f4xx_spi.c(677): error:  #20: identifier "SPI5" is undefined
    assert_param(IS_SPI_ALL_PERIPH(SPIx));
lib\SPL\stm32f4xx_spi.c(677): error:  #20: identifier "SPI6" is undefined
    assert_param(IS_SPI_ALL_PERIPH(SPIx));
lib\SPL\stm32f4xx_spi.c(708): warning:  #223-D: function "assert_param" declared implicitly
    assert_param(IS_SPI_ALL_PERIPH(SPIx));
lib\SPL\stm32f4xx_spi.c(708): error:  #20: identifier "SPI4" is undefined
    assert_param(IS_SPI_ALL_PERIPH(SPIx));
lib\SPL\stm32f4xx_spi.c(708): error:  #20: identifier "SPI5" is undefined
    assert_param(IS_SPI_ALL_PERIPH(SPIx));
lib\SPL\stm32f4xx_spi.c(708): error:  #20: identifier "SPI6" is undefined
    assert_param(IS_SPI_ALL_PERIPH(SPIx));
lib\SPL\stm32f4xx_spi.c(747): warning:  #223-D: function "assert_param" declared implicitly
    assert_param(IS_I2S_EXT_PERIPH(I2Sxext));
lib\SPL\stm32f4xx_spi.c(819): warning:  #223-D: function "assert_param" declared implicitly
    assert_param(IS_SPI_ALL_PERIPH_EXT(SPIx));
lib\SPL\stm32f4xx_spi.c(819): error:  #20: identifier "SPI4" is undefined
    assert_param(IS_SPI_ALL_PERIPH_EXT(SPIx));
lib\SPL\stm32f4xx_spi.c(819): error:  #20: identifier "SPI5" is undefined
    assert_param(IS_SPI_ALL_PERIPH_EXT(SPIx));
lib\SPL\stm32f4xx_spi.c(819): error:  #20: identifier "SPI6" is undefined
    assert_param(IS_SPI_ALL_PERIPH_EXT(SPIx));
lib\SPL\stm32f4xx_spi.c(835): warning:  #223-D: function "assert_param" declared implicitly
    assert_param(IS_SPI_ALL_PERIPH_EXT(SPIx));
lib\SPL\stm32f4xx_spi.c(835): error:  #20: identifier "SPI4" is undefined
    assert_param(IS_SPI_ALL_PERIPH_EXT(SPIx));
lib\SPL\stm32f4xx_spi.c: 14 warnings, 30 errors
compiling stm32f4xx_syscfg.c...
lib\SPL\stm32f4xx_syscfg.c(127): warning:  #223-D: function "assert_param" declared implicitly
    assert_param(IS_SYSCFG_MEMORY_REMAP_CONFING(SYSCFG_MemoryRemap));
lib\SPL\stm32f4xx_syscfg.c(127): warning:  #223-D: function "IS_SYSCFG_MEMORY_REMAP_CONFING" declared implicitly
    assert_param(IS_SYSCFG_MEMORY_REMAP_CONFING(SYSCFG_MemoryRemap));
lib\SPL\stm32f4xx_syscfg.c(148): warning:  #223-D: function "assert_param" declared implicitly
    assert_param(IS_FUNCTIONAL_STATE(NewState));
lib\SPL\stm32f4xx_syscfg.c(173): warning:  #223-D: function "assert_param" declared implicitly
    assert_param(IS_EXTI_PORT_SOURCE(EXTI_PortSourceGPIOx));
lib\SPL\stm32f4xx_syscfg.c(191): warning:  #223-D: function "assert_param" declared implicitly
    assert_param(IS_SYSCFG_ETH_MEDIA_INTERFACE(SYSCFG_ETH_MediaInterface)); 
lib\SPL\stm32f4xx_syscfg.c(209): warning:  #223-D: function "assert_param" declared implicitly
    assert_param(IS_FUNCTIONAL_STATE(NewState));
lib\SPL\stm32f4xx_syscfg.c: 6 warnings, 0 errors
compiling stm32f4xx_tim.c...
lib\SPL\stm32f4xx_tim.c(203): warning:  #223-D: function "assert_param" declared implicitly
    assert_param(IS_TIM_ALL_PERIPH(TIMx)); 
lib\SPL\stm32f4xx_tim.c(293): warning:  #223-D: function "assert_param" declared implicitly
    assert_param(IS_TIM_ALL_PERIPH(TIMx)); 
lib\SPL\stm32f4xx_tim.c(363): warning:  #223-D: function "assert_param" declared implicitly
    assert_param(IS_TIM_ALL_PERIPH(TIMx));
lib\SPL\stm32f4xx_tim.c(388): warning:  #223-D: function "assert_param" declared implicitly
    assert_param(IS_TIM_LIST3_PERIPH(TIMx));
lib\SPL\stm32f4xx_tim.c(412): warning:  #223-D: function "assert_param" declared implicitly
     assert_param(IS_TIM_ALL_PERIPH(TIMx));
lib\SPL\stm32f4xx_tim.c(427): warning:  #223-D: function "assert_param" declared implicitly
    assert_param(IS_TIM_ALL_PERIPH(TIMx));
lib\SPL\stm32f4xx_tim.c(441): warning:  #223-D: function "assert_param" declared implicitly
    assert_param(IS_TIM_ALL_PERIPH(TIMx));
lib\SPL\stm32f4xx_tim.c(455): warning:  #223-D: function "assert_param" declared implicitly
    assert_param(IS_TIM_ALL_PERIPH(TIMx));
lib\SPL\stm32f4xx_tim.c(471): warning:  #223-D: function "assert_param" declared implicitly
    assert_param(IS_TIM_ALL_PERIPH(TIMx));
lib\SPL\stm32f4xx_tim.c(500): warning:  #223-D: function "assert_param" declared implicitly
    assert_param(IS_TIM_ALL_PERIPH(TIMx));
lib\SPL\stm32f4xx_tim.c(525): warning:  #223-D: function "assert_param" declared implicitly
    assert_param(IS_TIM_ALL_PERIPH(TIMx));
lib\SPL\stm32f4xx_tim.c(552): warning:  #223-D: function "assert_param" declared implicitly
    assert_param(IS_TIM_ALL_PERIPH(TIMx));
lib\SPL\stm32f4xx_tim.c(575): warning:  #223-D: function "assert_param" declared implicitly
    assert_param(IS_TIM_LIST1_PERIPH(TIMx));
lib\SPL\stm32f4xx_tim.c(595): warning:  #223-D: function "assert_param" declared implicitly
    assert_param(IS_TIM_ALL_PERIPH(TIMx)); 
lib\SPL\stm32f4xx_tim.c(678): warning:  #223-D: function "assert_param" declared implicitly
    assert_param(IS_TIM_LIST1_PERIPH(TIMx)); 
lib\SPL\stm32f4xx_tim.c(759): warning:  #223-D: function "assert_param" declared implicitly
    assert_param(IS_TIM_LIST2_PERIPH(TIMx)); 
lib\SPL\stm32f4xx_tim.c(840): warning:  #223-D: function "assert_param" declared implicitly
    assert_param(IS_TIM_LIST3_PERIPH(TIMx)); 
lib\SPL\stm32f4xx_tim.c(920): warning:  #223-D: function "assert_param" declared implicitly
    assert_param(IS_TIM_LIST3_PERIPH(TIMx)); 
lib\SPL\stm32f4xx_tim.c(1020): warning:  #223-D: function "assert_param" declared implicitly
    assert_param(IS_TIM_LIST1_PERIPH(TIMx));
lib\SPL\stm32f4xx_tim.c(1063): warning:  #223-D: function "assert_param" declared implicitly
    assert_param(IS_TIM_LIST1_PERIPH(TIMx));
lib\SPL\stm32f4xx_tim.c(1079): warning:  #223-D: function "assert_param" declared implicitly
    assert_param(IS_TIM_LIST2_PERIPH(TIMx));
lib\SPL\stm32f4xx_tim.c(1094): warning:  #223-D: function "assert_param" declared implicitly
    assert_param(IS_TIM_LIST3_PERIPH(TIMx));
lib\SPL\stm32f4xx_tim.c(1109): warning:  #223-D: function "assert_param" declared implicitly
    assert_param(IS_TIM_LIST3_PERIPH(TIMx));
lib\SPL\stm32f4xx_tim.c(1129): warning:  #223-D: function "assert_param" declared implicitly
    assert_param(IS_TIM_LIST1_PERIPH(TIMx));
lib\SPL\stm32f4xx_tim.c(1158): warning:  #223-D: function "assert_param" declared implicitly
    assert_param(IS_TIM_LIST2_PERIPH(TIMx));
lib\SPL\stm32f4xx_tim.c(1186): warning:  #223-D: function "assert_param" declared implicitly
    assert_param(IS_TIM_LIST3_PERIPH(TIMx));
lib\SPL\stm32f4xx_tim.c(1215): warning:  #223-D: function "assert_param" declared implicitly
    assert_param(IS_TIM_LIST3_PERIPH(TIMx));
lib\SPL\stm32f4xx_tim.c(1243): warning:  #223-D: function "assert_param" declared implicitly
    assert_param(IS_TIM_LIST1_PERIPH(TIMx));
lib\SPL\stm32f4xx_tim.c(1273): warning:  #223-D: function "assert_param" declared implicitly
    assert_param(IS_TIM_LIST2_PERIPH(TIMx));
lib\SPL\stm32f4xx_tim.c(1302): warning:  #223-D: function "assert_param" declared implicitly
    assert_param(IS_TIM_LIST3_PERIPH(TIMx));
lib\SPL\stm32f4xx_tim.c(1331): warning:  #223-D: function "assert_param" declared implicitly
    assert_param(IS_TIM_LIST3_PERIPH(TIMx));
lib\SPL\stm32f4xx_tim.c(1360): warning:  #223-D: function "assert_param" declared implicitly
    assert_param(IS_TIM_LIST1_PERIPH(TIMx));
lib\SPL\stm32f4xx_tim.c(1391): warning:  #223-D: function "assert_param" declared implicitly
    assert_param(IS_TIM_LIST2_PERIPH(TIMx));
lib\SPL\stm32f4xx_tim.c(1421): warning:  #223-D: function "assert_param" declared implicitly
    assert_param(IS_TIM_LIST3_PERIPH(TIMx));
lib\SPL\stm32f4xx_tim.c(1451): warning:  #223-D: function "assert_param" declared implicitly
    assert_param(IS_TIM_LIST3_PERIPH(TIMx));
lib\SPL\stm32f4xx_tim.c(1481): warning:  #223-D: function "assert_param" declared implicitly
    assert_param(IS_TIM_LIST1_PERIPH(TIMx));
lib\SPL\stm32f4xx_tim.c(1511): warning:  #223-D: function "assert_param" declared implicitly
    assert_param(IS_TIM_LIST2_PERIPH(TIMx));
lib\SPL\stm32f4xx_tim.c(1540): warning:  #223-D: function "assert_param" declared implicitly
    assert_param(IS_TIM_LIST3_PERIPH(TIMx));
lib\SPL\stm32f4xx_tim.c(1569): warning:  #223-D: function "assert_param" declared implicitly
    assert_param(IS_TIM_LIST3_PERIPH(TIMx));
lib\SPL\stm32f4xx_tim.c(1598): warning:  #223-D: function "assert_param" declared implicitly
    assert_param(IS_TIM_LIST1_PERIPH(TIMx));
lib\SPL\stm32f4xx_tim.c(1624): warning:  #223-D: function "assert_param" declared implicitly
    assert_param(IS_TIM_LIST4_PERIPH(TIMx));
lib\SPL\stm32f4xx_tim.c(1652): warning:  #223-D: function "assert_param" declared implicitly
    assert_param(IS_TIM_LIST2_PERIPH(TIMx));
lib\SPL\stm32f4xx_tim.c(1679): warning:  #223-D: function "assert_param" declared implicitly
    assert_param(IS_TIM_LIST4_PERIPH(TIMx));
lib\SPL\stm32f4xx_tim.c(1706): warning:  #223-D: function "assert_param" declared implicitly
    assert_param(IS_TIM_LIST3_PERIPH(TIMx));
lib\SPL\stm32f4xx_tim.c(1733): warning:  #223-D: function "assert_param" declared implicitly
    assert_param(IS_TIM_LIST4_PERIPH(TIMx));
lib\SPL\stm32f4xx_tim.c(1760): warning:  #223-D: function "assert_param" declared implicitly
    assert_param(IS_TIM_LIST3_PERIPH(TIMx));
lib\SPL\stm32f4xx_tim.c(1791): warning:  #223-D: function "assert_param" declared implicitly
    assert_param(IS_TIM_LIST1_PERIPH(TIMx)); 
lib\SPL\stm32f4xx_tim.c(1821): warning:  #223-D: function "assert_param" declared implicitly
    assert_param(IS_TIM_LIST4_PERIPH(TIMx));
lib\SPL\stm32f4xx_tim.c(1903): warning:  #223-D: function "assert_param" declared implicitly
    assert_param(IS_TIM_LIST1_PERIPH(TIMx));
lib\SPL\stm32f4xx_tim.c(1981): warning:  #223-D: function "assert_param" declared implicitly
    assert_param(IS_TIM_LIST2_PERIPH(TIMx));
lib\SPL\stm32f4xx_tim.c(2035): warning:  #223-D: function "assert_param" declared implicitly
    assert_param(IS_TIM_LIST1_PERIPH(TIMx));
lib\SPL\stm32f4xx_tim.c(2050): warning:  #223-D: function "assert_param" declared implicitly
    assert_param(IS_TIM_LIST2_PERIPH(TIMx));
lib\SPL\stm32f4xx_tim.c(2064): warning:  #223-D: function "assert_param" declared implicitly
    assert_param(IS_TIM_LIST3_PERIPH(TIMx)); 
lib\SPL\stm32f4xx_tim.c(2078): warning:  #223-D: function "assert_param" declared implicitly
    assert_param(IS_TIM_LIST3_PERIPH(TIMx));
lib\SPL\stm32f4xx_tim.c(2098): warning:  #223-D: function "assert_param" declared implicitly
    assert_param(IS_TIM_LIST1_PERIPH(TIMx));
lib\SPL\stm32f4xx_tim.c(2123): warning:  #223-D: function "assert_param" declared implicitly
    assert_param(IS_TIM_LIST2_PERIPH(TIMx));
lib\SPL\stm32f4xx_tim.c(2147): warning:  #223-D: function "assert_param" declared implicitly
    assert_param(IS_TIM_LIST3_PERIPH(TIMx));
lib\SPL\stm32f4xx_tim.c(2171): warning:  #223-D: function "assert_param" declared implicitly
    assert_param(IS_TIM_LIST3_PERIPH(TIMx));
lib\SPL\stm32f4xx_tim.c(2224): warning:  #223-D: function "assert_param" declared implicitly
    assert_param(IS_TIM_LIST4_PERIPH(TIMx));
lib\SPL\stm32f4xx_tim.c(2268): warning:  #223-D: function "assert_param" declared implicitly
    assert_param(IS_TIM_LIST4_PERIPH(TIMx));
lib\SPL\stm32f4xx_tim.c(2293): warning:  #223-D: function "assert_param" declared implicitly
    assert_param(IS_TIM_LIST4_PERIPH(TIMx));
lib\SPL\stm32f4xx_tim.c(2318): warning:  #223-D: function "assert_param" declared implicitly
    assert_param(IS_TIM_LIST4_PERIPH(TIMx));
lib\SPL\stm32f4xx_tim.c(2375): warning:  #223-D: function "assert_param" declared implicitly
    assert_param(IS_TIM_ALL_PERIPH(TIMx));
lib\SPL\stm32f4xx_tim.c(2413): warning:  #223-D: function "assert_param" declared implicitly
    assert_param(IS_TIM_ALL_PERIPH(TIMx));
lib\SPL\stm32f4xx_tim.c(2447): warning:  #223-D: function "assert_param" declared implicitly
    assert_param(IS_TIM_ALL_PERIPH(TIMx));
lib\SPL\stm32f4xx_tim.c(2488): warning:  #223-D: function "assert_param" declared implicitly
    assert_param(IS_TIM_ALL_PERIPH(TIMx));
lib\SPL\stm32f4xx_tim.c(2518): warning:  #223-D: function "assert_param" declared implicitly
    assert_param(IS_TIM_ALL_PERIPH(TIMx));
lib\SPL\stm32f4xx_tim.c(2557): warning:  #223-D: function "assert_param" declared implicitly
    assert_param(IS_TIM_ALL_PERIPH(TIMx));
lib\SPL\stm32f4xx_tim.c(2594): warning:  #223-D: function "assert_param" declared implicitly
    assert_param(IS_TIM_LIST3_PERIPH(TIMx));
lib\SPL\stm32f4xx_tim.c(2621): warning:  #223-D: function "assert_param" declared implicitly
    assert_param(IS_TIM_LIST5_PERIPH(TIMx)); 
lib\SPL\stm32f4xx_tim.c(2647): warning:  #223-D: function "assert_param" declared implicitly
    assert_param(IS_TIM_LIST3_PERIPH(TIMx));
lib\SPL\stm32f4xx_tim.c(2686): warning:  #223-D: function "assert_param" declared implicitly
    assert_param(IS_TIM_LIST2_PERIPH(TIMx));
lib\SPL\stm32f4xx_tim.c(2707): warning:  #223-D: function "assert_param" declared implicitly
    assert_param(IS_TIM_LIST2_PERIPH(TIMx));
lib\SPL\stm32f4xx_tim.c(2738): warning:  #223-D: function "assert_param" declared implicitly
    assert_param(IS_TIM_LIST1_PERIPH(TIMx));
lib\SPL\stm32f4xx_tim.c(2780): warning:  #223-D: function "assert_param" declared implicitly
    assert_param(IS_TIM_LIST3_PERIPH(TIMx));
lib\SPL\stm32f4xx_tim.c(2825): warning:  #223-D: function "assert_param" declared implicitly
    assert_param(IS_TIM_LIST3_PERIPH(TIMx));
lib\SPL\stm32f4xx_tim.c(2897): warning:  #223-D: function "assert_param" declared implicitly
    assert_param(IS_TIM_LIST1_PERIPH(TIMx)); 
lib\SPL\stm32f4xx_tim.c(2938): warning:  #223-D: function "assert_param" declared implicitly
    assert_param(IS_TIM_LIST5_PERIPH(TIMx));
lib\SPL\stm32f4xx_tim.c(2962): warning:  #223-D: function "assert_param" declared implicitly
    assert_param(IS_TIM_LIST2_PERIPH(TIMx));
lib\SPL\stm32f4xx_tim.c(2985): warning:  #223-D: function "assert_param" declared implicitly
    assert_param(IS_TIM_LIST2_PERIPH(TIMx));
lib\SPL\stm32f4xx_tim.c(3018): warning:  #223-D: function "assert_param" declared implicitly
    assert_param(IS_TIM_LIST3_PERIPH(TIMx));
lib\SPL\stm32f4xx_tim.c(3078): warning:  #223-D: function "assert_param" declared implicitly
    assert_param(IS_TIM_LIST2_PERIPH(TIMx));
lib\SPL\stm32f4xx_tim.c(3125): warning:  #223-D: function "assert_param" declared implicitly
    assert_param(IS_TIM_LIST2_PERIPH(TIMx));
lib\SPL\stm32f4xx_tim.c(3176): warning:  #223-D: function "assert_param" declared implicitly
    assert_param(IS_TIM_LIST6_PERIPH(TIMx));
lib\SPL\stm32f4xx_tim.c: 84 warnings, 0 errors
assembling startup_stm32f407xx.s...
compiling system_stm32f4xx.c...
".\Objects\GUI_targetCryoController.axf" - 91 Error(s), 196 Warning(s).

<h2>Software Packages used:</h2>

Package Vendor: ARM
                http://www.keil.com/pack/ARM.CMSIS.5.7.0.pack
                ARM.CMSIS.5.7.0
                CMSIS (Cortex Microcontroller Software Interface Standard)
   * Component: CORE Version: 5.4.0

Package Vendor: Keil
                http://www.keil.com/pack/Keil.STM32F4xx_DFP.2.15.0.pack
                Keil.STM32F4xx_DFP.2.15.0
                STMicroelectronics STM32F4 Series Device Support, Drivers and Examples
   * Component: Startup Version: 2.6.3

<h2>Collection of Component include folders:</h2>
  .\RTE\_Target_1
  C:\Keil_v5\ARM\PACK\ARM\CMSIS\5.7.0\CMSIS\Core\Include
  C:\Keil_v5\ARM\PACK\Keil\STM32F4xx_DFP\2.15.0\Drivers\CMSIS\Device\ST\STM32F4xx\Include

<h2>Collection of Component Files used:</h2>

   * Component: ARM::CMSIS:CORE:5.4.0

   * Component: Keil::Device:Startup:2.6.3
      Source file:   Drivers\CMSIS\Device\ST\STM32F4xx\Source\Templates\system_stm32f4xx.c
      Source file:   MDK\Device\Source\ARM\STM32F40xxx_41xxx_OPT.s
      Include file:  Drivers\CMSIS\Device\ST\STM32F4xx\Include\stm32f4xx.h
      Source file:   Drivers\CMSIS\Device\ST\STM32F4xx\Source\Templates\arm\startup_stm32f407xx.s
      Source file:   MDK\Device\Source\ARM\STM32F4xx_OTP.s
Target not created.
Build Time Elapsed:  00:00:15
</pre>
</body>
</html>
